\BOOKMARK [1][-]{section*.1}{\376\377\000T\000o\000w\000a\000r\000d\000s\000\040\000a\000\040\000H\000i\000s\000t\000o\000r\000i\000c\000a\000l\000\040\000P\000h\000o\000n\000o\000l\000o\000g\000y\000\040\000o\000f\000\040\000t\000h\000e\000\040\000M\000u\000n\000d\000a\000\040\000l\000a\000n\000g\000u\000a\000g\000e\000s}{}% 1
\BOOKMARK [2][-]{section*.2}{\376\377\000A\000b\000r\000e\000v\000i\000a\000t\000i\000o\000n\000s\000\040\000o\000f\000\040\000L\000e\000x\000i\000c\000a\000l\000\040\000R\000e\000s\000o\000u\000r\000c\000e\000s\000\040\000\050\000t\000o\000\040\000b\000e\000\040\000d\000o\000n\000e\000\051}{section*.1}% 2
\BOOKMARK [2][-]{section*.3}{\376\377\000C\000o\000m\000p\000a\000r\000a\000t\000i\000v\000e\000-\000P\000h\000o\000n\000o\000l\000o\000g\000i\000c\000a\000l\000\040\000S\000t\000u\000d\000i\000e\000s\000\040\000o\000f\000\040\000t\000h\000e\000\040\000M\000u\000n\000d\000a\000\040\000l\000a\000n\000g\000u\000a\000g\000e\000s}{section*.1}% 3
\BOOKMARK [3][-]{section*.4}{\376\377\000P\000r\000e\000v\000i\000o\000u\000s\000\040\000A\000c\000c\000o\000u\000n\000t\000s}{section*.3}% 4
\BOOKMARK [2][-]{section*.9}{\376\377\000P\000h\000o\000n\000o\000l\000o\000g\000i\000c\000a\000l\000\040\000P\000r\000o\000f\000i\000l\000e\000\040\000o\000f\000\040\000t\000h\000e\000\040\000M\000u\000n\000d\000a\000\040\000L\000a\000n\000g\000u\000a\000g\000e\000s}{section*.1}% 5
\BOOKMARK [3][-]{section*.10}{\376\377\000O\000v\000e\000r\000v\000i\000e\000w}{section*.9}% 6
\BOOKMARK [3][-]{section*.12}{\376\377\000G\000o\000r\000u\000m}{section*.9}% 7
\BOOKMARK [3][-]{section*.13}{\376\377\000S\000o\000r\000a}{section*.9}% 8
\BOOKMARK [3][-]{section*.14}{\376\377\000R\000e\000m\000o}{section*.9}% 9
\BOOKMARK [3][-]{section*.15}{\376\377\000G\000u\000t\000o\000b}{section*.9}% 10
\BOOKMARK [3][-]{section*.16}{\376\377\000K\000h\000a\000r\000i\000a}{section*.9}% 11
\BOOKMARK [3][-]{section*.17}{\376\377\000J\000u\000a\000n\000g}{section*.9}% 12
\BOOKMARK [3][-]{section*.18}{\376\377\000G\000t\000a\002\224}{section*.9}% 13
\BOOKMARK [3][-]{section*.19}{\376\377\000K\000h\000e\000r\000w\000a\000r\000i\000a\000n}{section*.9}% 14
\BOOKMARK [3][-]{section*.20}{\376\377\000K\000o\000r\000k\000u}{section*.9}% 15
\BOOKMARK [2][-]{section*.21}{\376\377\000P\000h\000o\000n\000o\000l\000o\000g\000i\000c\000a\000l\000\040\000R\000e\000c\000o\000n\000s\000t\000r\000u\000c\000t\000i\000o\000n}{section*.1}% 16
\BOOKMARK [3][-]{section*.22}{\376\377\000O\000n\000s\000e\000t}{section*.21}% 17
\BOOKMARK [3][-]{section*.23}{\376\377\000C\000o\000d\000a}{section*.21}% 18
\BOOKMARK [3][-]{section*.24}{\376\377\000N\000u\000c\000l\000e\000i}{section*.21}% 19
\BOOKMARK [3][-]{section*.25}{\376\377\000P\000r\000o\000t\000o\000-\000M\000u\000n\000d\000a\000\040\000V\000o\000c\000a\000l\000i\000s\000m\000,\000\040\000a\000\040\000h\000y\000p\000o\000t\000h\000e\000s\000i\000s}{section*.21}% 20
\BOOKMARK [3][-]{section*.27}{\376\377\000P\000r\000o\000t\000o\000-\000M\000u\000n\000d\000a\000\040\000C\000o\000n\000s\000o\000n\000a\000n\000t\000i\000s\000m}{section*.21}% 21
\BOOKMARK [3][-]{section*.28}{\376\377\000C\000o\000n\000s\000o\000n\000a\000n\000t\000\040\000c\000l\000u\000s\000t\000e\000r\000-\000s\000p\000l\000i\000t\000t\000i\000n\000g}{section*.21}% 22
\BOOKMARK [3][-]{section*.35}{\376\377\000I\000s\000s\000u\000e\000s}{section*.21}% 23
\BOOKMARK [3][-]{section*.38}{\376\377\000P\000r\000o\000t\000o\000-\000M\000u\000n\000d\000a\000\040\000*\000a}{section*.21}% 24
\BOOKMARK [3][-]{section*.70}{\376\377\000P\000r\000o\000t\000o\000-\000M\000u\000n\000d\000a\000\040\000*\000i}{section*.21}% 25
\BOOKMARK [3][-]{section*.84}{\376\377\000P\000r\000o\000t\000o\000-\000M\000u\000n\000d\000a\000\040\000*\000u}{section*.21}% 26
\BOOKMARK [3][-]{section*.111}{\376\377\000P\000r\000o\000t\000o\000-\000M\000u\000n\000d\000a\000\040\000*\000e}{section*.21}% 27
\BOOKMARK [3][-]{section*.127}{\376\377\000P\000r\000o\000t\000o\000-\000M\000u\000n\000d\000a\000\040\000*\000o}{section*.21}% 28
\BOOKMARK [3][-]{section*.143}{\376\377\000P\000r\000o\000t\000o\000-\000M\000u\000n\000d\000a\000\040\000*\002\150}{section*.21}% 29
\BOOKMARK [3][-]{section*.146}{\376\377\000P\000r\000o\000t\000o\000-\000M\000u\000n\000d\000a\000\040\000*\002\131}{section*.21}% 30
\BOOKMARK [3][-]{section*.157}{\376\377\000S\000u\000p\000e\000r\000s\000e\000t\000:\000\040\000*\035\112\000\040\000e\000p\000e\000n\000t\000h\000e\000t\000i\000c\000\040\000s\000c\000h\000w\000a}{section*.21}% 31
\BOOKMARK [3][-]{section*.167}{\376\377\000U\000n\000a\000s\000s\000i\000g\000n\000e\000d\000\040\000c\000o\000r\000r\000e\000s\000p\000o\000n\000d\000e\000n\000t\000\040\000s\000e\000t\000s}{section*.21}% 32
\BOOKMARK [3][-]{section*.234}{\376\377\000V\000S\000-\0000\0003\0001}{section*.21}% 33
\BOOKMARK [3][-]{section*.236}{\376\377\000V\000S\000-\0000\0003\0002}{section*.21}% 34
\BOOKMARK [3][-]{section*.238}{\376\377\000V\000S\000-\0000\0003\0003\000\040\000*\000U}{section*.21}% 35
\BOOKMARK [3][-]{section*.240}{\376\377\000W\000o\000r\000d\000s\000\040\000w\000i\000t\000h\000\040\000p\000r\000o\000b\000l\000e\000m\000a\000t\000i\000c\000\040\000v\000o\000c\000a\000l\000i\000s\000m}{section*.21}% 36
\BOOKMARK [2][-]{section*.243}{\376\377\000C\000o\000n\000s\000o\000n\000a\000n\000t\000s}{section*.1}% 37
\BOOKMARK [3][-]{section*.244}{\376\377\000I\000s\000s\000u\000e\000s}{section*.243}% 38
\BOOKMARK [3][-]{section*.245}{\376\377\000B\000i\000l\000a\000b\000i\000a\000l\000s}{section*.243}% 39
\BOOKMARK [3][-]{section*.301}{\376\377\000A\000l\000v\000e\000o\000l\000a\000r\000/\000D\000e\000n\000t\000a\000l\000/\000R\000e\000t\000r\000o\000f\000l\000e\000x}{section*.243}% 40
\BOOKMARK [3][-]{section*.351}{\376\377\000P\000a\000l\000a\000t\000a\000l\000s}{section*.243}% 41
\BOOKMARK [3][-]{section*.372}{\376\377\000*\002\162\040\201\000\040\000\050\000F\000i\000n\000a\000l\000\051}{section*.243}% 42
\BOOKMARK [3][-]{section*.387}{\376\377\000V\000e\000l\000a\000r\000s}{section*.243}% 43
\BOOKMARK [3][-]{section*.434}{\376\377\000S\000i\000b\000i\000l\000a\000n\000t\000s}{section*.243}% 44
\BOOKMARK [3][-]{section*.456}{\376\377\000L\000a\000b\000i\000a\000l\000s}{section*.243}% 45
\BOOKMARK [3][-]{section*.492}{\376\377\000R\000h\000o\000t\000i\000c\000s}{section*.243}% 46
\BOOKMARK [3][-]{section*.517}{\376\377\000*\002\224\000/\002\300}{section*.243}% 47
\BOOKMARK [2][-]{section*.525}{\376\377\000R\000e\000l\000e\000v\000a\000n\000t\000\040\000s\000o\000u\000n\000d\000\040\000c\000h\000a\000n\000g\000e\000s\000\040\000i\000n\000\040\000b\000r\000a\000n\000c\000h\000e\000s\000\040\000o\000r\000\040\000i\000n\000d\000i\000v\000i\000d\000u\000a\000l\000\040\000l\000a\000n\000g\000u\000a\000g\000e\000s}{section*.1}% 48
\BOOKMARK [2][-]{section*.526}{\376\377\000L\000i\000s\000t\000\040\000o\000f\000\040\000E\000t\000y\000m\000a\000\040\000\043\0000\0000\0000\0001\000-\000\043\0000\0001\0000\0000}{section*.1}% 49
